0 info it worked if it ends with ok
1 verbose cli [ 'node', '/usr/local/bin/npm', 'i', '-g', 'frisby' ]
2 info using npm@2.1.6
3 info using node@v0.10.30
4 silly cache add args [ 'frisby', null ]
5 verbose cache add spec frisby
6 silly cache add parsed spec { raw: 'frisby',
6 silly cache add   scope: null,
6 silly cache add   name: 'frisby',
6 silly cache add   rawSpec: '',
6 silly cache add   spec: '*',
6 silly cache add   type: 'range' }
7 verbose addNamed frisby@*
8 silly addNamed semver.valid null
9 silly addNamed semver.validRange *
10 silly addNameRange { name: 'frisby', range: '*', hasData: false }
11 verbose mapToRegistry name frisby
12 verbose mapToRegistry uri https://registry.npmjs.org/frisby
13 verbose addNameRange registry:https://registry.npmjs.org/frisby not in flight; fetching
14 verbose request on initialization, where is /frisby
15 verbose request after pass 1, where is /frisby
16 verbose request url raw /frisby
17 verbose request resolving registry [ 'https://registry.npmjs.org/', './frisby' ]
18 verbose request after pass 2, where is https://registry.npmjs.org/frisby
19 verbose request no auth needed
20 info attempt registry request try #1 at 19:40:16
21 verbose request id 3e3fcd052a5bc9ec
22 verbose etag "8HTG316CVNURL1B0VKJTSIHKE"
23 http request GET https://registry.npmjs.org/frisby
24 http 304 https://registry.npmjs.org/frisby
25 silly registry.get cb [ 304,
25 silly registry.get   { date: 'Tue, 27 Jan 2015 00:40:17 GMT',
25 silly registry.get     server: 'Apache',
25 silly registry.get     via: '1.1 varnish',
25 silly registry.get     'last-modified': 'Tue, 27 Jan 2015 00:40:17 GMT',
25 silly registry.get     'cache-control': 'max-age=60',
25 silly registry.get     etag: '"8HTG316CVNURL1B0VKJTSIHKE"',
25 silly registry.get     age: '0',
25 silly registry.get     'x-served-by': 'cache-atl6232-ATL',
25 silly registry.get     'x-cache': 'HIT',
25 silly registry.get     'x-cache-hits': '1',
25 silly registry.get     'x-timer': 'S1422319217.330152,VS0,VE22',
25 silly registry.get     vary: 'Accept',
25 silly registry.get     'content-length': '0',
25 silly registry.get     'keep-alive': 'timeout=10, max=50',
25 silly registry.get     connection: 'Keep-Alive' } ]
26 verbose etag https://registry.npmjs.org/frisby from cache
27 silly addNameRange number 2 { name: 'frisby', range: '*', hasData: true }
28 silly addNameRange versions [ 'frisby',
28 silly addNameRange   [ '0.0.1',
28 silly addNameRange     '0.0.2',
28 silly addNameRange     '0.0.3',
28 silly addNameRange     '0.0.4',
28 silly addNameRange     '0.0.5',
28 silly addNameRange     '0.0.6',
28 silly addNameRange     '0.1.0',
28 silly addNameRange     '0.1.1',
28 silly addNameRange     '0.1.2',
28 silly addNameRange     '0.1.3',
28 silly addNameRange     '0.1.4',
28 silly addNameRange     '0.1.5',
28 silly addNameRange     '0.1.6',
28 silly addNameRange     '0.1.7',
28 silly addNameRange     '0.1.8',
28 silly addNameRange     '0.2.0',
28 silly addNameRange     '0.2.2',
28 silly addNameRange     '0.2.3',
28 silly addNameRange     '0.2.5',
28 silly addNameRange     '0.3.0',
28 silly addNameRange     '0.3.1',
28 silly addNameRange     '0.3.2',
28 silly addNameRange     '0.3.5',
28 silly addNameRange     '0.3.6',
28 silly addNameRange     '0.4.0',
28 silly addNameRange     '0.4.1',
28 silly addNameRange     '0.4.2',
28 silly addNameRange     '0.4.3',
28 silly addNameRange     '0.4.4',
28 silly addNameRange     '0.4.5',
28 silly addNameRange     '0.4.6',
28 silly addNameRange     '0.4.7',
28 silly addNameRange     '0.5.0',
28 silly addNameRange     '0.5.1',
28 silly addNameRange     '0.5.2',
28 silly addNameRange     '0.5.3',
28 silly addNameRange     '0.5.4',
28 silly addNameRange     '0.5.5',
28 silly addNameRange     '0.6.1',
28 silly addNameRange     '0.6.2',
28 silly addNameRange     '0.6.5',
28 silly addNameRange     '0.6.6',
28 silly addNameRange     '0.6.7',
28 silly addNameRange     '0.6.8',
28 silly addNameRange     '0.6.9',
28 silly addNameRange     '0.7.0',
28 silly addNameRange     '0.7.1',
28 silly addNameRange     '0.7.2',
28 silly addNameRange     '0.7.3',
28 silly addNameRange     '0.7.4',
28 silly addNameRange     '0.7.5',
28 silly addNameRange     '0.7.6',
28 silly addNameRange     '0.7.7',
28 silly addNameRange     '0.7.8',
28 silly addNameRange     '0.7.9',
28 silly addNameRange     '0.8.0',
28 silly addNameRange     '0.8.1',
28 silly addNameRange     '0.8.2',
28 silly addNameRange     '0.8.3',
28 silly addNameRange     '0.8.4',
28 silly addNameRange     '0.8.5' ] ]
29 verbose addNamed frisby@0.8.5
30 silly addNamed semver.valid 0.8.5
31 silly addNamed semver.validRange 0.8.5
32 silly cache afterAdd frisby@0.8.5
33 verbose afterAdd /Users/admin/.npm/frisby/0.8.5/package/package.json not in flight; writing
34 verbose afterAdd /Users/admin/.npm/frisby/0.8.5/package/package.json written
35 silly install resolved [ { name: 'frisby',
35 silly install resolved     version: '0.8.5',
35 silly install resolved     description: 'Frisby.js: REST API Endpoint Testing built on Jasmine',
35 silly install resolved     homepage: 'http://frisbyjs.com',
35 silly install resolved     author: { name: 'Vance Lucas', email: 'vance@vancelucas.com' },
35 silly install resolved     license: { type: 'BSD' },
35 silly install resolved     contributors: [ [Object], [Object] ],
35 silly install resolved     repository: { type: 'git', url: 'http://github.com/vlucas/frisby' },
35 silly install resolved     keywords: [ 'testing', 'api', 'REST', 'jasmine', 'bdd', 'frisby' ],
35 silly install resolved     dependencies:
35 silly install resolved      { request: '>=2.51',
35 silly install resolved        jsonschema: '1.0.0',
35 silly install resolved        'stack-trace': '0.0.x',
35 silly install resolved        'mock-request': '>= 0.1.2',
35 silly install resolved        nock: '*',
35 silly install resolved        underscore: '1.6.x',
35 silly install resolved        qs: '1.2.x' },
35 silly install resolved     devDependencies: { 'jasmine-node': '~1.14.5', 'form-data': '~0.1.4' },
35 silly install resolved     main: './lib/frisby',
35 silly install resolved     engines: { node: '>= 0.10.0' },
35 silly install resolved     scripts: { test: 'jasmine-node spec/' },
35 silly install resolved     bugs: { url: 'https://github.com/vlucas/frisby/issues' },
35 silly install resolved     _id: 'frisby@0.8.5',
35 silly install resolved     dist:
35 silly install resolved      { shasum: 'a7f0d125938d77e1c1ed5ed2f32a2cdc56a8a160',
35 silly install resolved        tarball: 'http://registry.npmjs.org/frisby/-/frisby-0.8.5.tgz' },
35 silly install resolved     _from: 'frisby@*',
35 silly install resolved     _npmVersion: '1.3.24',
35 silly install resolved     _npmUser: { name: 'brightbit', email: 'hello@brightb.it' },
35 silly install resolved     maintainers: [ [Object] ],
35 silly install resolved     directories: {},
35 silly install resolved     _shasum: 'a7f0d125938d77e1c1ed5ed2f32a2cdc56a8a160',
35 silly install resolved     _resolved: 'https://registry.npmjs.org/frisby/-/frisby-0.8.5.tgz',
35 silly install resolved     readme: 'ERROR: No README data found!' } ]
36 info install frisby@0.8.5 into /usr/local/lib
37 info installOne frisby@0.8.5
38 verbose installOne of frisby to /usr/local/lib not in flight; installing
39 verbose lock using /Users/admin/.npm/_locks/frisby-7c675712f9c66763.lock for /usr/local/lib/node_modules/frisby
40 silly install write writing frisby 0.8.5 to /usr/local/lib/node_modules/frisby
41 silly cache addNamed cb frisby@0.8.5
42 verbose unbuild lib/node_modules/frisby
43 info preuninstall frisby@0.8.5
44 info uninstall frisby@0.8.5
45 verbose unbuild rmStuff frisby@0.8.5 from /usr/local/lib/node_modules
46 info postuninstall frisby@0.8.5
47 verbose gentlyRm vacuuming /usr/local/lib/node_modules/frisby
48 silly gentlyRm purging /usr/local/lib/node_modules/frisby
49 verbose unlock done using /Users/admin/.npm/_locks/frisby-7c675712f9c66763.lock for /usr/local/lib/node_modules/frisby
50 verbose stack Error: EACCES, unlink '/usr/local/lib/node_modules/frisby'
51 verbose cwd /Users/admin/scratch/Leaderboard
52 error Darwin 14.0.0
53 error argv "node" "/usr/local/bin/npm" "i" "-g" "frisby"
54 error node v0.10.30
55 error npm  v2.1.6
56 error path /usr/local/lib/node_modules/frisby
57 error code EACCES
58 error errno 3
59 error Error: EACCES, unlink '/usr/local/lib/node_modules/frisby'
59 error  { [Error: EACCES, unlink '/usr/local/lib/node_modules/frisby']
59 error   errno: 3,
59 error   code: 'EACCES',
59 error   path: '/usr/local/lib/node_modules/frisby' }
60 error Please try running this command again as root/Administrator.
61 verbose exit [ 3, true ]
62 verbose unbuild lib/node_modules/frisby
63 info preuninstall frisby@0.8.5
64 info uninstall frisby@0.8.5
65 verbose unbuild rmStuff frisby@0.8.5 from /usr/local/lib/node_modules
66 info postuninstall frisby@0.8.5
67 verbose gentlyRm vacuuming /usr/local/lib/node_modules/frisby
68 silly gentlyRm purging /usr/local/lib/node_modules/frisby
69 error error rolling back Error: EACCES, unlink '/usr/local/lib/node_modules/frisby'
69 error error rolling back  { [Error: EACCES, unlink '/usr/local/lib/node_modules/frisby']
69 error error rolling back   errno: 3,
69 error error rolling back   code: 'EACCES',
69 error error rolling back   path: '/usr/local/lib/node_modules/frisby' }
